{
  "RSpec": {
    "coverage": {
      "F:/graduate/Second_year/Fall/software_as_a_service/smart_ass/app/helpers/application_helper.rb": {
        "lines": [
          1,
          null
        ]
      },
      "F:/graduate/Second_year/Fall/software_as_a_service/smart_ass/app/controllers/users_controller.rb": {
        "lines": [
          1,
          null,
          null,
          1,
          0,
          null,
          null,
          1,
          1,
          null,
          null,
          1,
          0,
          0,
          null,
          0,
          0,
          0,
          0,
          null,
          null,
          null,
          1,
          null,
          null,
          null,
          1,
          null,
          null,
          1,
          0,
          null,
          null,
          null
        ]
      },
      "F:/graduate/Second_year/Fall/software_as_a_service/smart_ass/app/controllers/application_controller.rb": {
        "lines": [
          1,
          null
        ]
      },
      "F:/graduate/Second_year/Fall/software_as_a_service/smart_ass/app/models/user.rb": {
        "lines": [
          1,
          null,
          null,
          null,
          null,
          1,
          1,
          1,
          null,
          null,
          null
        ]
      },
      "F:/graduate/Second_year/Fall/software_as_a_service/smart_ass/app/channels/application_cable/channel.rb": {
        "lines": [
          0,
          0,
          0,
          0
        ],
        "branches": {
        }
      },
      "F:/graduate/Second_year/Fall/software_as_a_service/smart_ass/app/channels/application_cable/connection.rb": {
        "lines": [
          0,
          0,
          0,
          0
        ],
        "branches": {
        }
      },
      "F:/graduate/Second_year/Fall/software_as_a_service/smart_ass/app/controllers/movies_controller.rb": {
        "lines": [
          0,
          null,
          0,
          0,
          0,
          null,
          0,
          null,
          0,
          0,
          0,
          null,
          0,
          null,
          0,
          0,
          0,
          0,
          0,
          null,
          null,
          null,
          null,
          null,
          0,
          null,
          0,
          null,
          0,
          null,
          0,
          0,
          0,
          0,
          0,
          null,
          0,
          0,
          0,
          null,
          0,
          0,
          0,
          0,
          0,
          0,
          null,
          0,
          0,
          0,
          0,
          0,
          0,
          null,
          0,
          null,
          null,
          0,
          0,
          0,
          0,
          null
        ],
        "branches": {
        }
      },
      "F:/graduate/Second_year/Fall/software_as_a_service/smart_ass/app/jobs/application_job.rb": {
        "lines": [
          0,
          null,
          null,
          null,
          null,
          null,
          0
        ],
        "branches": {
        }
      },
      "F:/graduate/Second_year/Fall/software_as_a_service/smart_ass/app/mailers/application_mailer.rb": {
        "lines": [
          0,
          0,
          0,
          0
        ],
        "branches": {
        }
      },
      "F:/graduate/Second_year/Fall/software_as_a_service/smart_ass/app/models/application_record.rb": {
        "lines": [
          0,
          0,
          0
        ],
        "branches": {
        }
      },
      "F:/graduate/Second_year/Fall/software_as_a_service/smart_ass/app/models/movie.rb": {
        "lines": [
          0,
          null,
          0,
          0,
          0,
          0
        ],
        "branches": {
        }
      }
    },
    "timestamp": 1666998190
  }
}
